
18-11-10 15:47:46-06 [-] LockHandler on admin(account 1): access type 'examine' changed from 'examine:perm(Admin)' to 'examine:perm(Admin)' 
LockHandler on admin(account 1): access type 'edit' changed from 'edit:perm(Admin)' to 'edit:perm(Admin)' 
LockHandler on admin(account 1): access type 'delete' changed from 'delete:perm(Admin)' to 'delete:perm(Admin)' 
LockHandler on admin(account 1): access type 'boot' changed from 'boot:perm(Admin)' to 'boot:perm(Admin)' 
LockHandler on admin(account 1): access type 'msg' changed from 'msg:all()' to 'msg:all()' 
LockHandler on admin(account 1): access type 'noidletimeout' changed from 'noidletimeout:perm(Builder) or perm(noidletimeout)' to 'noidletimeout:perm(Builder) or perm(noidletimeout)'
18-11-10 15:47:46-06 [-] LockHandler on admin(account 1): access type 'examine' changed from 'examine:perm(Admin)' to 'examine:perm(Developer)' 
LockHandler on admin(account 1): access type 'edit' changed from 'edit:perm(Admin)' to 'edit:false()' 
LockHandler on admin(account 1): access type 'delete' changed from 'delete:perm(Admin)' to 'delete:false()' 
LockHandler on admin(account 1): access type 'boot' changed from 'boot:perm(Admin)' to 'boot:false()' 
LockHandler on admin(account 1): access type 'msg' changed from 'msg:all()' to 'msg:all()'
18-11-10 15:47:46-06 [-] LockHandler on admin: access type 'get' changed from 'get:all()' to 'get:false()' 
LockHandler on admin: access type 'call' changed from 'call:true()' to 'call:false()'
18-11-10 15:47:46-06 [-] LockHandler on admin: access type 'examine' changed from 'examine:perm(Builder)' to 'examine:perm(Developer)' 
LockHandler on admin: access type 'edit' changed from 'edit:perm(Admin)' to 'edit:false()' 
LockHandler on admin: access type 'delete' changed from 'delete:perm(Admin)' to 'delete:false()' 
LockHandler on admin: access type 'puppet' changed from 'puppet:pperm(Developer)' to 'puppet:false()'
18-11-10 15:47:46-06 [-] LockHandler on Limbo: access type 'get' changed from 'get:all()' to 'get:false()' 
LockHandler on Limbo: access type 'puppet' changed from 'puppet:pperm(Developer)' to 'puppet:false()'
18-11-10 15:47:47-06 [-] LockHandler on Channel 'Public' (None): access type 'control' changed from 'control:perm(Admin)' to 'control:perm(Admin)' 
LockHandler on Channel 'Public' (None): access type 'listen' changed from 'listen:all()' to 'listen:all()' 
LockHandler on Channel 'Public' (None): access type 'send' changed from 'send:all()' to 'send:all()'
18-11-10 15:47:47-06 [-] LockHandler on Channel 'MudInfo' (None): access type 'control' changed from 'control:perm(Admin)' to 'control:perm(Developer)' 
LockHandler on Channel 'MudInfo' (None): access type 'listen' changed from 'listen:all()' to 'listen:perm(Admin)' 
LockHandler on Channel 'MudInfo' (None): access type 'send' changed from 'send:all()' to 'send:false()'
18-11-10 16:18:01-06 [-] LockHandler on jack: access type 'get' changed from 'get:all()' to 'get:false()' 
LockHandler on jack: access type 'call' changed from 'call:true()' to 'call:false()'
18-11-10 16:18:01-06 [-] LockHandler on jack: access type 'puppet' changed from 'puppet:pperm(Developer)' to 'puppet:id(3) or pid(2) or perm(Developer) or pperm(Developer)'
18-11-10 16:19:08-06 [-] LockHandler on dorm: access type 'get' changed from 'get:all()' to 'get:false()' 
LockHandler on dorm: access type 'puppet' changed from 'puppet:pperm(Developer)' to 'puppet:false()'
18-11-10 16:19:08-06 [-] LockHandler on dorm: access type 'control' changed from 'control:perm(Developer)' to 'control:id(1) or perm(Admin)' 
LockHandler on dorm: access type 'delete' changed from 'delete:perm(Admin)' to ' delete:id(1) or perm(Admin)' 
LockHandler on dorm: access type 'edit' changed from 'edit:perm(Admin)' to ' edit:id(1) or perm(Admin)'
18-11-10 16:19:08-06 [-] LockHandler on door: access type 'puppet' changed from 'puppet:pperm(Developer)' to 'puppet:false()' 
LockHandler on door: access type 'get' changed from 'get:all()' to 'get:false()'
18-11-10 16:19:08-06 [-] LockHandler on door: access type 'control' changed from 'control:perm(Developer)' to 'control:id(1) or perm(Admin)' 
LockHandler on door: access type 'delete' changed from 'delete:perm(Admin)' to ' delete:id(1) or perm(Admin)' 
LockHandler on door: access type 'edit' changed from 'edit:perm(Admin)' to ' edit:id(1) or perm(Admin)'
<<<<<<< HEAD
18-11-10 18:08:32-06 [-] LockHandler on test: access type 'get' changed from 'get:all()' to 'get:false()' 
LockHandler on test: access type 'call' changed from 'call:true()' to 'call:false()'
18-11-10 18:08:32-06 [-] LockHandler on test: access type 'puppet' changed from 'puppet:pperm(Developer)' to 'puppet:id(6) or pid(3) or perm(Developer) or pperm(Developer)'
18-11-10 18:32:50-06 [-] LockHandler on dorm: access type 'get' changed from 'get:all()' to 'get:false()' 
LockHandler on dorm: access type 'puppet' changed from 'puppet:pperm(Developer)' to 'puppet:false()'
18-11-10 18:32:50-06 [-] LockHandler on dorm: access type 'control' changed from 'control:perm(Developer)' to 'control:id(1) or perm(Admin)' 
LockHandler on dorm: access type 'delete' changed from 'delete:perm(Admin)' to ' delete:id(1) or perm(Admin)' 
LockHandler on dorm: access type 'edit' changed from 'edit:perm(Admin)' to ' edit:id(1) or perm(Admin)'
18-11-10 18:32:50-06 [-] LockHandler on door: access type 'puppet' changed from 'puppet:pperm(Developer)' to 'puppet:false()' 
LockHandler on door: access type 'get' changed from 'get:all()' to 'get:false()'
18-11-10 18:32:50-06 [-] LockHandler on door: access type 'control' changed from 'control:perm(Developer)' to 'control:id(1) or perm(Admin)' 
LockHandler on door: access type 'delete' changed from 'delete:perm(Admin)' to ' delete:id(1) or perm(Admin)' 
LockHandler on door: access type 'edit' changed from 'edit:perm(Admin)' to ' edit:id(1) or perm(Admin)'
18-11-10 18:35:10-06 [-] LockHandler on Dorm: access type 'get' changed from 'get:all()' to 'get:false()' 
LockHandler on Dorm: access type 'puppet' changed from 'puppet:pperm(Developer)' to 'puppet:false()'
18-11-10 18:35:10-06 [-] LockHandler on Dorm: access type 'control' changed from 'control:perm(Developer)' to 'control:id(1) or perm(Admin)' 
LockHandler on Dorm: access type 'delete' changed from 'delete:perm(Admin)' to ' delete:id(1) or perm(Admin)' 
LockHandler on Dorm: access type 'edit' changed from 'edit:perm(Admin)' to ' edit:id(1) or perm(Admin)'
18-11-10 18:35:10-06 [-] LockHandler on door: access type 'puppet' changed from 'puppet:pperm(Developer)' to 'puppet:false()' 
LockHandler on door: access type 'get' changed from 'get:all()' to 'get:false()'
18-11-10 18:35:10-06 [-] LockHandler on door: access type 'control' changed from 'control:perm(Developer)' to 'control:id(1) or perm(Admin)' 
LockHandler on door: access type 'delete' changed from 'delete:perm(Admin)' to ' delete:id(1) or perm(Admin)' 
LockHandler on door: access type 'edit' changed from 'edit:perm(Admin)' to ' edit:id(1) or perm(Admin)'
18-11-10 18:35:10-06 [-] LockHandler on door: access type 'puppet' changed from 'puppet:pperm(Developer)' to 'puppet:false()' 
LockHandler on door: access type 'get' changed from 'get:all()' to 'get:false()'
18-11-10 18:35:10-06 [-] LockHandler on door: access type 'control' changed from 'control:perm(Developer)' to 'control:id(1) or perm(Admin)' 
LockHandler on door: access type 'delete' changed from 'delete:perm(Admin)' to ' delete:id(1) or perm(Admin)' 
LockHandler on door: access type 'edit' changed from 'edit:perm(Admin)' to ' edit:id(1) or perm(Admin)'
18-11-10 18:35:44-06 [-] LockHandler on Hallway: access type 'get' changed from 'get:all()' to 'get:false()' 
LockHandler on Hallway: access type 'puppet' changed from 'puppet:pperm(Developer)' to 'puppet:false()'
18-11-10 18:35:44-06 [-] LockHandler on Hallway: access type 'control' changed from 'control:perm(Developer)' to 'control:id(1) or perm(Admin)' 
LockHandler on Hallway: access type 'delete' changed from 'delete:perm(Admin)' to ' delete:id(1) or perm(Admin)' 
LockHandler on Hallway: access type 'edit' changed from 'edit:perm(Admin)' to ' edit:id(1) or perm(Admin)'
18-11-10 18:35:44-06 [-] LockHandler on door: access type 'puppet' changed from 'puppet:pperm(Developer)' to 'puppet:false()' 
LockHandler on door: access type 'get' changed from 'get:all()' to 'get:false()'
18-11-10 18:35:44-06 [-] LockHandler on door: access type 'control' changed from 'control:perm(Developer)' to 'control:id(1) or perm(Admin)' 
LockHandler on door: access type 'delete' changed from 'delete:perm(Admin)' to ' delete:id(1) or perm(Admin)' 
LockHandler on door: access type 'edit' changed from 'edit:perm(Admin)' to ' edit:id(1) or perm(Admin)'
18-11-10 18:35:44-06 [-] LockHandler on door: access type 'puppet' changed from 'puppet:pperm(Developer)' to 'puppet:false()' 
LockHandler on door: access type 'get' changed from 'get:all()' to 'get:false()'
18-11-10 18:35:44-06 [-] LockHandler on door: access type 'control' changed from 'control:perm(Developer)' to 'control:id(1) or perm(Admin)' 
LockHandler on door: access type 'delete' changed from 'delete:perm(Admin)' to ' delete:id(1) or perm(Admin)' 
LockHandler on door: access type 'edit' changed from 'edit:perm(Admin)' to ' edit:id(1) or perm(Admin)'
=======
18-11-10 16:42:29-06 [-] LockHandler on hallway: access type 'get' changed from 'get:all()' to 'get:false()' 
LockHandler on hallway: access type 'puppet' changed from 'puppet:pperm(Developer)' to 'puppet:false()'
18-11-10 16:42:29-06 [-] LockHandler on hallway: access type 'control' changed from 'control:perm(Developer)' to 'control:id(1) or perm(Admin)' 
LockHandler on hallway: access type 'delete' changed from 'delete:perm(Admin)' to ' delete:id(1) or perm(Admin)' 
LockHandler on hallway: access type 'edit' changed from 'edit:perm(Admin)' to ' edit:id(1) or perm(Admin)'
18-11-10 16:42:29-06 [-] LockHandler on door: access type 'puppet' changed from 'puppet:pperm(Developer)' to 'puppet:false()' 
LockHandler on door: access type 'get' changed from 'get:all()' to 'get:false()'
18-11-10 16:42:29-06 [-] LockHandler on door: access type 'control' changed from 'control:perm(Developer)' to 'control:id(1) or perm(Admin)' 
LockHandler on door: access type 'delete' changed from 'delete:perm(Admin)' to ' delete:id(1) or perm(Admin)' 
LockHandler on door: access type 'edit' changed from 'edit:perm(Admin)' to ' edit:id(1) or perm(Admin)'
18-11-10 16:44:10-06 [-] LockHandler on door1: access type 'puppet' changed from 'puppet:pperm(Developer)' to 'puppet:false()' 
LockHandler on door1: access type 'get' changed from 'get:all()' to 'get:false()'
18-11-10 16:49:50-06 [-] LockHandler on box: access type 'control' changed from 'control:perm(Developer)' to 'control:id(1) or perm(Admin)' 
LockHandler on box: access type 'delete' changed from 'delete:perm(Admin)' to 'delete:id(1) or perm(Admin)'
18-11-10 16:56:26-06 [-] LockHandler on very large box: access type 'get' changed from 'get:all()' to 'get:false()'
18-11-10 16:56:50-06 [-] LockHandler on very large box: access type 'get' changed from 'get:false()' to 'get:false()'
18-11-10 16:56:59-06 [-] LockHandler on very large box: access type 'get' changed from 'get:false()' to 'get:true()'
18-11-10 16:57:29-06 [-] LockHandler on very large box: access type 'get' changed from 'get:true()' to 'get:false()'
18-11-10 17:04:19-06 [-] LockHandler on button: access type 'control' changed from 'control:perm(Developer)' to 'control:id(1) or perm(Admin)' 
LockHandler on button: access type 'delete' changed from 'delete:perm(Admin)' to 'delete:id(1) or perm(Admin)'
18-11-10 17:30:33-06 [-] LockHandler on Dorm: access type 'get' changed from 'get:all()' to 'get:false()' 
LockHandler on Dorm: access type 'puppet' changed from 'puppet:pperm(Developer)' to 'puppet:false()'
18-11-10 17:30:33-06 [-] LockHandler on Dorm: access type 'control' changed from 'control:perm(Developer)' to 'control:id(1) or perm(Admin)' 
LockHandler on Dorm: access type 'delete' changed from 'delete:perm(Admin)' to ' delete:id(1) or perm(Admin)' 
LockHandler on Dorm: access type 'edit' changed from 'edit:perm(Admin)' to ' edit:id(1) or perm(Admin)'
18-11-10 17:30:33-06 [-] LockHandler on large door: access type 'puppet' changed from 'puppet:pperm(Developer)' to 'puppet:false()' 
LockHandler on large door: access type 'get' changed from 'get:all()' to 'get:false()'
18-11-10 17:30:33-06 [-] LockHandler on large door: access type 'control' changed from 'control:perm(Developer)' to 'control:id(1) or perm(Admin)' 
LockHandler on large door: access type 'delete' changed from 'delete:perm(Admin)' to ' delete:id(1) or perm(Admin)' 
LockHandler on large door: access type 'edit' changed from 'edit:perm(Admin)' to ' edit:id(1) or perm(Admin)'
18-11-10 17:47:01-06 [-] LockHandler on Park: access type 'get' changed from 'get:all()' to 'get:false()' 
LockHandler on Park: access type 'puppet' changed from 'puppet:pperm(Developer)' to 'puppet:false()'
18-11-10 17:47:01-06 [-] LockHandler on Park: access type 'control' changed from 'control:perm(Developer)' to 'control:id(1) or perm(Admin)' 
LockHandler on Park: access type 'delete' changed from 'delete:perm(Admin)' to ' delete:id(1) or perm(Admin)' 
LockHandler on Park: access type 'edit' changed from 'edit:perm(Admin)' to ' edit:id(1) or perm(Admin)'
18-11-10 17:47:01-06 [-] LockHandler on door: access type 'puppet' changed from 'puppet:pperm(Developer)' to 'puppet:false()' 
LockHandler on door: access type 'get' changed from 'get:all()' to 'get:false()'
18-11-10 17:47:01-06 [-] LockHandler on door: access type 'control' changed from 'control:perm(Developer)' to 'control:id(1) or perm(Admin)' 
LockHandler on door: access type 'delete' changed from 'delete:perm(Admin)' to ' delete:id(1) or perm(Admin)' 
LockHandler on door: access type 'edit' changed from 'edit:perm(Admin)' to ' edit:id(1) or perm(Admin)'
18-11-10 17:47:38-06 [-] LockHandler on hatchet: access type 'control' changed from 'control:perm(Developer)' to 'control:id(1) or perm(Admin)' 
LockHandler on hatchet: access type 'delete' changed from 'delete:perm(Admin)' to 'delete:id(1) or perm(Admin)'
18-11-10 17:49:19-06 [-] LockHandler on oak tree: access type 'control' changed from 'control:perm(Developer)' to 'control:id(1) or perm(Admin)' 
LockHandler on oak tree: access type 'delete' changed from 'delete:perm(Admin)' to 'delete:id(1) or perm(Admin)'
18-11-10 17:55:09-06 [-] LockHandler on oak tree: access type 'get' changed from 'get:all()' to 'get:false()'
18-11-10 18:29:58-06 [-] LockHandler on Intro: access type 'get' changed from 'get:all()' to 'get:false()' 
LockHandler on Intro: access type 'puppet' changed from 'puppet:pperm(Developer)' to 'puppet:false()'
18-11-10 18:29:58-06 [-] LockHandler on Intro: access type 'control' changed from 'control:perm(Developer)' to 'control:id(1) or perm(Admin)' 
LockHandler on Intro: access type 'delete' changed from 'delete:perm(Admin)' to ' delete:id(1) or perm(Admin)' 
LockHandler on Intro: access type 'edit' changed from 'edit:perm(Admin)' to ' edit:id(1) or perm(Admin)'
18-11-10 18:29:58-06 [-] LockHandler on tutorial: access type 'puppet' changed from 'puppet:pperm(Developer)' to 'puppet:false()' 
LockHandler on tutorial: access type 'get' changed from 'get:all()' to 'get:false()'
18-11-10 18:29:58-06 [-] LockHandler on Leaving Tutorial: access type 'get' changed from 'get:all()' to 'get:false()' 
LockHandler on Leaving Tutorial: access type 'puppet' changed from 'puppet:pperm(Developer)' to 'puppet:false()'
18-11-10 18:29:59-06 [-] LockHandler on Leaving Tutorial: access type 'control' changed from 'control:perm(Developer)' to 'control:id(1) or perm(Admin)' 
LockHandler on Leaving Tutorial: access type 'delete' changed from 'delete:perm(Admin)' to ' delete:id(1) or perm(Admin)' 
LockHandler on Leaving Tutorial: access type 'edit' changed from 'edit:perm(Admin)' to ' edit:id(1) or perm(Admin)'
18-11-10 18:29:59-06 [-] LockHandler on exit tutorial: access type 'puppet' changed from 'puppet:pperm(Developer)' to 'puppet:false()' 
LockHandler on exit tutorial: access type 'get' changed from 'get:all()' to 'get:false()'
18-11-10 18:29:59-06 [-] LockHandler on exit tutorial: access type 'control' changed from 'control:perm(Developer)' to 'control:id(1) or perm(Admin)' 
LockHandler on exit tutorial: access type 'delete' changed from 'delete:perm(Admin)' to ' delete:id(1) or perm(Admin)' 
LockHandler on exit tutorial: access type 'edit' changed from 'edit:perm(Admin)' to ' edit:id(1) or perm(Admin)'
18-11-10 18:29:59-06 [-] LockHandler on start again: access type 'puppet' changed from 'puppet:pperm(Developer)' to 'puppet:false()' 
LockHandler on start again: access type 'get' changed from 'get:all()' to 'get:false()'
18-11-10 18:29:59-06 [-] LockHandler on start again: access type 'control' changed from 'control:perm(Developer)' to 'control:id(1) or perm(Admin)' 
LockHandler on start again: access type 'delete' changed from 'delete:perm(Admin)' to ' delete:id(1) or perm(Admin)' 
LockHandler on start again: access type 'edit' changed from 'edit:perm(Admin)' to ' edit:id(1) or perm(Admin)'
18-11-10 18:29:59-06 [-] LockHandler on exit: access type 'puppet' changed from 'puppet:pperm(Developer)' to 'puppet:false()' 
LockHandler on exit: access type 'get' changed from 'get:all()' to 'get:false()'
18-11-10 18:29:59-06 [-] LockHandler on Cliff by the coast: access type 'get' changed from 'get:all()' to 'get:false()' 
LockHandler on Cliff by the coast: access type 'puppet' changed from 'puppet:pperm(Developer)' to 'puppet:false()'
18-11-10 18:30:00-06 [-] LockHandler on Cliff by the coast: access type 'control' changed from 'control:perm(Developer)' to 'control:id(1) or perm(Admin)' 
LockHandler on Cliff by the coast: access type 'delete' changed from 'delete:perm(Admin)' to ' delete:id(1) or perm(Admin)' 
LockHandler on Cliff by the coast: access type 'edit' changed from 'edit:perm(Admin)' to ' edit:id(1) or perm(Admin)'
18-11-10 18:30:00-06 [-] LockHandler on begin adventure: access type 'puppet' changed from 'puppet:pperm(Developer)' to 'puppet:false()' 
LockHandler on begin adventure: access type 'get' changed from 'get:all()' to 'get:false()'
18-11-10 18:30:00-06 [-] LockHandler on begin adventure: access type 'control' changed from 'control:perm(Developer)' to 'control:id(1) or perm(Admin)' 
LockHandler on begin adventure: access type 'delete' changed from 'delete:perm(Admin)' to ' delete:id(1) or perm(Admin)' 
LockHandler on begin adventure: access type 'edit' changed from 'edit:perm(Admin)' to ' edit:id(1) or perm(Admin)'
18-11-10 18:30:00-06 [-] LockHandler on Old well: access type 'control' changed from 'control:perm(Developer)' to 'control:id(1) or perm(Admin)' 
LockHandler on Old well: access type 'delete' changed from 'delete:perm(Admin)' to 'delete:id(1) or perm(Admin)'
18-11-10 18:30:00-06 [-] LockHandler on Old well: access type 'get' changed from 'get:all()' to 'get:false()'
18-11-10 18:30:00-06 [-] LockHandler on Wooden sign: access type 'control' changed from 'control:perm(Developer)' to 'control:id(1) or perm(Admin)' 
LockHandler on Wooden sign: access type 'delete' changed from 'delete:perm(Admin)' to 'delete:id(1) or perm(Admin)'
18-11-10 18:30:01-06 [-] LockHandler on Wooden sign: access type 'get' changed from 'get:all()' to 'get:false()'
18-11-10 18:30:01-06 [-] LockHandler on gnarled old trees: access type 'control' changed from 'control:perm(Developer)' to 'control:id(1) or perm(Admin)' 
LockHandler on gnarled old trees: access type 'delete' changed from 'delete:perm(Admin)' to 'delete:id(1) or perm(Admin)'
18-11-10 18:30:01-06 [-] LockHandler on gnarled old trees: access type 'get' changed from 'get:all()' to 'get:false()'
18-11-10 18:30:01-06 [-] LockHandler on Outside Evennia Inn: access type 'get' changed from 'get:all()' to 'get:false()' 
LockHandler on Outside Evennia Inn: access type 'puppet' changed from 'puppet:pperm(Developer)' to 'puppet:false()'
18-11-10 18:30:02-06 [-] LockHandler on Outside Evennia Inn: access type 'control' changed from 'control:perm(Developer)' to 'control:id(1) or perm(Admin)' 
LockHandler on Outside Evennia Inn: access type 'delete' changed from 'delete:perm(Admin)' to ' delete:id(1) or perm(Admin)' 
LockHandler on Outside Evennia Inn: access type 'edit' changed from 'edit:perm(Admin)' to ' edit:id(1) or perm(Admin)'
18-11-10 18:30:02-06 [-] LockHandler on northern path: access type 'puppet' changed from 'puppet:pperm(Developer)' to 'puppet:false()' 
LockHandler on northern path: access type 'get' changed from 'get:all()' to 'get:false()'
18-11-10 18:30:02-06 [-] LockHandler on northern path: access type 'control' changed from 'control:perm(Developer)' to 'control:id(1) or perm(Admin)' 
LockHandler on northern path: access type 'delete' changed from 'delete:perm(Admin)' to ' delete:id(1) or perm(Admin)' 
LockHandler on northern path: access type 'edit' changed from 'edit:perm(Admin)' to ' edit:id(1) or perm(Admin)'
18-11-10 18:30:02-06 [-] LockHandler on back to cliff: access type 'puppet' changed from 'puppet:pperm(Developer)' to 'puppet:false()' 
LockHandler on back to cliff: access type 'get' changed from 'get:all()' to 'get:false()'
18-11-10 18:30:02-06 [-] LockHandler on back to cliff: access type 'control' changed from 'control:perm(Developer)' to 'control:id(1) or perm(Admin)' 
LockHandler on back to cliff: access type 'delete' changed from 'delete:perm(Admin)' to ' delete:id(1) or perm(Admin)' 
LockHandler on back to cliff: access type 'edit' changed from 'edit:perm(Admin)' to ' edit:id(1) or perm(Admin)'
18-11-10 18:30:02-06 [-] LockHandler on northern path: access type 'view' changed from 'view:all()' to 'view:tag(tutorial_climbed_tree, tutorial_world) ' 
LockHandler on northern path: access type 'traverse' changed from 'traverse:all()' to ' traverse:tag(tutorial_climbed_tree, tutorial_world)'
18-11-10 18:30:02-06 [-] LockHandler on The Evennia Inn: access type 'get' changed from 'get:all()' to 'get:false()' 
LockHandler on The Evennia Inn: access type 'puppet' changed from 'puppet:pperm(Developer)' to 'puppet:false()'
18-11-10 18:30:03-06 [-] LockHandler on The Evennia Inn: access type 'control' changed from 'control:perm(Developer)' to 'control:id(1) or perm(Admin)' 
LockHandler on The Evennia Inn: access type 'delete' changed from 'delete:perm(Admin)' to ' delete:id(1) or perm(Admin)' 
LockHandler on The Evennia Inn: access type 'edit' changed from 'edit:perm(Admin)' to ' edit:id(1) or perm(Admin)'
18-11-10 18:30:03-06 [-] LockHandler on enter: access type 'puppet' changed from 'puppet:pperm(Developer)' to 'puppet:false()' 
LockHandler on enter: access type 'get' changed from 'get:all()' to 'get:false()'
18-11-10 18:30:03-06 [-] LockHandler on enter: access type 'control' changed from 'control:perm(Developer)' to 'control:id(1) or perm(Admin)' 
LockHandler on enter: access type 'delete' changed from 'delete:perm(Admin)' to ' delete:id(1) or perm(Admin)' 
LockHandler on enter: access type 'edit' changed from 'edit:perm(Admin)' to ' edit:id(1) or perm(Admin)'
18-11-10 18:30:03-06 [-] LockHandler on leave: access type 'puppet' changed from 'puppet:pperm(Developer)' to 'puppet:false()' 
LockHandler on leave: access type 'get' changed from 'get:all()' to 'get:false()'
18-11-10 18:30:03-06 [-] LockHandler on leave: access type 'control' changed from 'control:perm(Developer)' to 'control:id(1) or perm(Admin)' 
LockHandler on leave: access type 'delete' changed from 'delete:perm(Admin)' to ' delete:id(1) or perm(Admin)' 
LockHandler on leave: access type 'edit' changed from 'edit:perm(Admin)' to ' edit:id(1) or perm(Admin)'
18-11-10 18:30:04-06 [-] LockHandler on barrel: access type 'control' changed from 'control:perm(Developer)' to 'control:id(1) or perm(Admin)' 
LockHandler on barrel: access type 'delete' changed from 'delete:perm(Admin)' to 'delete:id(1) or perm(Admin)'
18-11-10 18:30:04-06 [-] LockHandler on barrel: access type 'get' changed from 'get:all()' to 'get:false()'
18-11-10 18:30:04-06 [-] LockHandler on The old bridge: access type 'get' changed from 'get:all()' to 'get:false()' 
LockHandler on The old bridge: access type 'puppet' changed from 'puppet:pperm(Developer)' to 'puppet:false()'
18-11-10 18:30:04-06 [-] LockHandler on The old bridge: access type 'view' changed from 'view:all()' to 'view:false()'
18-11-10 18:30:05-06 [-] LockHandler on The old bridge: access type 'control' changed from 'control:perm(Developer)' to 'control:id(1) or perm(Admin)' 
LockHandler on The old bridge: access type 'delete' changed from 'delete:perm(Admin)' to ' delete:id(1) or perm(Admin)' 
LockHandler on The old bridge: access type 'edit' changed from 'edit:perm(Admin)' to ' edit:id(1) or perm(Admin)'
18-11-10 18:30:05-06 [-] LockHandler on old bridge: access type 'puppet' changed from 'puppet:pperm(Developer)' to 'puppet:false()' 
LockHandler on old bridge: access type 'get' changed from 'get:all()' to 'get:false()'
18-11-10 18:30:05-06 [-] LockHandler on old bridge: access type 'control' changed from 'control:perm(Developer)' to 'control:id(1) or perm(Admin)' 
LockHandler on old bridge: access type 'delete' changed from 'delete:perm(Admin)' to ' delete:id(1) or perm(Admin)' 
LockHandler on old bridge: access type 'edit' changed from 'edit:perm(Admin)' to ' edit:id(1) or perm(Admin)'
18-11-10 18:30:05-06 [-] LockHandler on Protruding ledge: access type 'get' changed from 'get:all()' to 'get:false()' 
LockHandler on Protruding ledge: access type 'puppet' changed from 'puppet:pperm(Developer)' to 'puppet:false()'
18-11-10 18:30:05-06 [-] LockHandler on Protruding ledge: access type 'control' changed from 'control:perm(Developer)' to 'control:id(1) or perm(Admin)' 
LockHandler on Protruding ledge: access type 'delete' changed from 'delete:perm(Admin)' to ' delete:id(1) or perm(Admin)' 
LockHandler on Protruding ledge: access type 'edit' changed from 'edit:perm(Admin)' to ' edit:id(1) or perm(Admin)'
18-11-10 18:30:06-06 [-] LockHandler on Underground passages: access type 'get' changed from 'get:all()' to 'get:false()' 
LockHandler on Underground passages: access type 'puppet' changed from 'puppet:pperm(Developer)' to 'puppet:false()'
18-11-10 18:30:06-06 [-] LockHandler on Underground passages: access type 'control' changed from 'control:perm(Developer)' to 'control:id(1) or perm(Admin)' 
LockHandler on Underground passages: access type 'delete' changed from 'delete:perm(Admin)' to ' delete:id(1) or perm(Admin)' 
LockHandler on Underground passages: access type 'edit' changed from 'edit:perm(Admin)' to ' edit:id(1) or perm(Admin)'
18-11-10 18:30:06-06 [-] LockHandler on hole into cliff: access type 'puppet' changed from 'puppet:pperm(Developer)' to 'puppet:false()' 
LockHandler on hole into cliff: access type 'get' changed from 'get:all()' to 'get:false()'
18-11-10 18:30:06-06 [-] LockHandler on hole into cliff: access type 'control' changed from 'control:perm(Developer)' to 'control:id(1) or perm(Admin)' 
LockHandler on hole into cliff: access type 'delete' changed from 'delete:perm(Admin)' to ' delete:id(1) or perm(Admin)' 
LockHandler on hole into cliff: access type 'edit' changed from 'edit:perm(Admin)' to ' edit:id(1) or perm(Admin)'
18-11-10 18:30:06-06 [-] LockHandler on climb the chain: access type 'puppet' changed from 'puppet:pperm(Developer)' to 'puppet:false()' 
LockHandler on climb the chain: access type 'get' changed from 'get:all()' to 'get:false()'
18-11-10 18:30:07-06 [-] LockHandler on Dark cell: access type 'get' changed from 'get:all()' to 'get:false()' 
LockHandler on Dark cell: access type 'puppet' changed from 'puppet:pperm(Developer)' to 'puppet:false()'
18-11-10 18:30:07-06 [-] LockHandler on Dark cell: access type 'control' changed from 'control:perm(Developer)' to 'control:id(1) or perm(Admin)' 
LockHandler on Dark cell: access type 'delete' changed from 'delete:perm(Admin)' to ' delete:id(1) or perm(Admin)' 
LockHandler on Dark cell: access type 'edit' changed from 'edit:perm(Admin)' to ' edit:id(1) or perm(Admin)'
18-11-10 18:30:07-06 [-] LockHandler on Dark cell: access type 'view' changed from 'view:all()' to 'view:all()'
18-11-10 18:30:07-06 [-] LockHandler on root-covered wall: access type 'puppet' changed from 'puppet:pperm(Developer)' to 'puppet:false()' 
LockHandler on root-covered wall: access type 'get' changed from 'get:all()' to 'get:false()'
18-11-10 18:30:08-06 [-] LockHandler on root-covered wall: access type 'traverse' changed from 'traverse:all()' to 'traverse:objattr(exit_open)'
18-11-10 18:30:08-06 [-] LockHandler on root-covered wall: access type 'control' changed from 'control:perm(Developer)' to 'control:id(1) or perm(Admin)' 
LockHandler on root-covered wall: access type 'delete' changed from 'delete:perm(Admin)' to 'delete:id(1) or perm(Admin)'
18-11-10 18:30:08-06 [-] LockHandler on root-covered wall: access type 'get' changed from 'get:false()' to 'get:false()'
18-11-10 18:30:08-06 [-] LockHandler on Dark cell: access type 'view' changed from 'view:all()' to 'view:false()'
18-11-10 18:30:08-06 [-] LockHandler on Ruined gatehouse: access type 'get' changed from 'get:all()' to 'get:false()' 
LockHandler on Ruined gatehouse: access type 'puppet' changed from 'puppet:pperm(Developer)' to 'puppet:false()'
18-11-10 18:30:09-06 [-] LockHandler on Ruined gatehouse: access type 'control' changed from 'control:perm(Developer)' to 'control:id(1) or perm(Admin)' 
LockHandler on Ruined gatehouse: access type 'delete' changed from 'delete:perm(Admin)' to ' delete:id(1) or perm(Admin)' 
LockHandler on Ruined gatehouse: access type 'edit' changed from 'edit:perm(Admin)' to ' edit:id(1) or perm(Admin)'
18-11-10 18:30:09-06 [-] LockHandler on Bridge over the abyss: access type 'puppet' changed from 'puppet:pperm(Developer)' to 'puppet:false()' 
LockHandler on Bridge over the abyss: access type 'get' changed from 'get:all()' to 'get:false()'
18-11-10 18:30:09-06 [-] LockHandler on Bridge over the abyss: access type 'control' changed from 'control:perm(Developer)' to 'control:id(1) or perm(Admin)' 
LockHandler on Bridge over the abyss: access type 'delete' changed from 'delete:perm(Admin)' to ' delete:id(1) or perm(Admin)' 
LockHandler on Bridge over the abyss: access type 'edit' changed from 'edit:perm(Admin)' to ' edit:id(1) or perm(Admin)'
18-11-10 18:30:09-06 [-] LockHandler on Bridge over the abyss: access type 'traverse' changed from 'traverse:all()' to 'traverse:has_account()'
18-11-10 18:30:09-06 [-] LockHandler on Along inner wall: access type 'get' changed from 'get:all()' to 'get:false()' 
LockHandler on Along inner wall: access type 'puppet' changed from 'puppet:pperm(Developer)' to 'puppet:false()'
18-11-10 18:30:09-06 [-] LockHandler on Along inner wall: access type 'control' changed from 'control:perm(Developer)' to 'control:id(1) or perm(Admin)' 
LockHandler on Along inner wall: access type 'delete' changed from 'delete:perm(Admin)' to ' delete:id(1) or perm(Admin)' 
LockHandler on Along inner wall: access type 'edit' changed from 'edit:perm(Admin)' to ' edit:id(1) or perm(Admin)'
18-11-10 18:30:10-06 [-] LockHandler on Standing archway: access type 'puppet' changed from 'puppet:pperm(Developer)' to 'puppet:false()' 
LockHandler on Standing archway: access type 'get' changed from 'get:all()' to 'get:false()'
18-11-10 18:30:10-06 [-] LockHandler on Standing archway: access type 'control' changed from 'control:perm(Developer)' to 'control:id(1) or perm(Admin)' 
LockHandler on Standing archway: access type 'delete' changed from 'delete:perm(Admin)' to ' delete:id(1) or perm(Admin)' 
LockHandler on Standing archway: access type 'edit' changed from 'edit:perm(Admin)' to ' edit:id(1) or perm(Admin)'
18-11-10 18:30:10-06 [-] LockHandler on ruined gatehouse: access type 'puppet' changed from 'puppet:pperm(Developer)' to 'puppet:false()' 
LockHandler on ruined gatehouse: access type 'get' changed from 'get:all()' to 'get:false()'
18-11-10 18:30:10-06 [-] LockHandler on ruined gatehouse: access type 'control' changed from 'control:perm(Developer)' to 'control:id(1) or perm(Admin)' 
LockHandler on ruined gatehouse: access type 'delete' changed from 'delete:perm(Admin)' to ' delete:id(1) or perm(Admin)' 
LockHandler on ruined gatehouse: access type 'edit' changed from 'edit:perm(Admin)' to ' edit:id(1) or perm(Admin)'
18-11-10 18:30:10-06 [-] LockHandler on Corner of castle ruins: access type 'get' changed from 'get:all()' to 'get:false()' 
LockHandler on Corner of castle ruins: access type 'puppet' changed from 'puppet:pperm(Developer)' to 'puppet:false()'
18-11-10 18:30:10-06 [-] LockHandler on Corner of castle ruins: access type 'control' changed from 'control:perm(Developer)' to 'control:id(1) or perm(Admin)' 
LockHandler on Corner of castle ruins: access type 'delete' changed from 'delete:perm(Admin)' to ' delete:id(1) or perm(Admin)' 
LockHandler on Corner of castle ruins: access type 'edit' changed from 'edit:perm(Admin)' to ' edit:id(1) or perm(Admin)'
18-11-10 18:30:10-06 [-] LockHandler on castle corner: access type 'puppet' changed from 'puppet:pperm(Developer)' to 'puppet:false()' 
LockHandler on castle corner: access type 'get' changed from 'get:all()' to 'get:false()'
18-11-10 18:30:11-06 [-] LockHandler on castle corner: access type 'control' changed from 'control:perm(Developer)' to 'control:id(1) or perm(Admin)' 
LockHandler on castle corner: access type 'delete' changed from 'delete:perm(Admin)' to ' delete:id(1) or perm(Admin)' 
LockHandler on castle corner: access type 'edit' changed from 'edit:perm(Admin)' to ' edit:id(1) or perm(Admin)'
18-11-10 18:30:11-06 [-] LockHandler on gatehouse: access type 'puppet' changed from 'puppet:pperm(Developer)' to 'puppet:false()' 
LockHandler on gatehouse: access type 'get' changed from 'get:all()' to 'get:false()'
18-11-10 18:30:11-06 [-] LockHandler on gatehouse: access type 'control' changed from 'control:perm(Developer)' to 'control:id(1) or perm(Admin)' 
LockHandler on gatehouse: access type 'delete' changed from 'delete:perm(Admin)' to ' delete:id(1) or perm(Admin)' 
LockHandler on gatehouse: access type 'edit' changed from 'edit:perm(Admin)' to ' edit:id(1) or perm(Admin)'
18-11-10 18:30:11-06 [-] LockHandler on obelisk: access type 'get' changed from 'get:all()' to 'get:false()'
18-11-10 18:30:11-06 [-] LockHandler on obelisk: access type 'control' changed from 'control:perm(Developer)' to 'control:id(1) or perm(Admin)' 
LockHandler on obelisk: access type 'delete' changed from 'delete:perm(Admin)' to 'delete:id(1) or perm(Admin)'
18-11-10 18:30:11-06 [-] LockHandler on obelisk: access type 'get' changed from 'get:false()' to 'get:false()'
18-11-10 18:30:12-06 [-] LockHandler on Ghostly apparition: access type 'control' changed from 'control:perm(Developer)' to 'control:id(1) or perm(Admin)' 
LockHandler on Ghostly apparition: access type 'delete' changed from 'delete:perm(Admin)' to 'delete:id(1) or perm(Admin)'
18-11-10 18:30:12-06 [-] LockHandler on Ghostly apparition: access type 'get' changed from 'get:all()' to 'get:false()'
18-11-10 18:30:13-06 [-] LockHandler on foggy tentacles: access type 'control' changed from 'control:perm(Developer)' to 'control:id(1) or perm(Admin)' 
LockHandler on foggy tentacles: access type 'delete' changed from 'delete:perm(Admin)' to 'delete:id(1) or perm(Admin)'
18-11-10 18:30:14-06 [-] LockHandler on Overgrown courtyard: access type 'get' changed from 'get:all()' to 'get:false()' 
LockHandler on Overgrown courtyard: access type 'puppet' changed from 'puppet:pperm(Developer)' to 'puppet:false()'
18-11-10 18:30:14-06 [-] LockHandler on Overgrown courtyard: access type 'control' changed from 'control:perm(Developer)' to 'control:id(1) or perm(Admin)' 
LockHandler on Overgrown courtyard: access type 'delete' changed from 'delete:perm(Admin)' to ' delete:id(1) or perm(Admin)' 
LockHandler on Overgrown courtyard: access type 'edit' changed from 'edit:perm(Admin)' to ' edit:id(1) or perm(Admin)'
18-11-10 18:30:14-06 [-] LockHandler on courtyard: access type 'puppet' changed from 'puppet:pperm(Developer)' to 'puppet:false()' 
LockHandler on courtyard: access type 'get' changed from 'get:all()' to 'get:false()'
18-11-10 18:30:14-06 [-] LockHandler on courtyard: access type 'control' changed from 'control:perm(Developer)' to 'control:id(1) or perm(Admin)' 
LockHandler on courtyard: access type 'delete' changed from 'delete:perm(Admin)' to ' delete:id(1) or perm(Admin)' 
LockHandler on courtyard: access type 'edit' changed from 'edit:perm(Admin)' to ' edit:id(1) or perm(Admin)'
18-11-10 18:30:14-06 [-] LockHandler on castle corner: access type 'puppet' changed from 'puppet:pperm(Developer)' to 'puppet:false()' 
LockHandler on castle corner: access type 'get' changed from 'get:all()' to 'get:false()'
18-11-10 18:30:14-06 [-] LockHandler on castle corner: access type 'control' changed from 'control:perm(Developer)' to 'control:id(1) or perm(Admin)' 
LockHandler on castle corner: access type 'delete' changed from 'delete:perm(Admin)' to ' delete:id(1) or perm(Admin)' 
LockHandler on castle corner: access type 'edit' changed from 'edit:perm(Admin)' to ' edit:id(1) or perm(Admin)'
18-11-10 18:30:15-06 [-] LockHandler on along inner wall: access type 'puppet' changed from 'puppet:pperm(Developer)' to 'puppet:false()' 
LockHandler on along inner wall: access type 'get' changed from 'get:all()' to 'get:false()'
18-11-10 18:30:15-06 [-] LockHandler on overgrown courtyard: access type 'puppet' changed from 'puppet:pperm(Developer)' to 'puppet:false()' 
LockHandler on overgrown courtyard: access type 'get' changed from 'get:all()' to 'get:false()'
18-11-10 18:30:15-06 [-] LockHandler on The ruined temple: access type 'get' changed from 'get:all()' to 'get:false()' 
LockHandler on The ruined temple: access type 'puppet' changed from 'puppet:pperm(Developer)' to 'puppet:false()'
18-11-10 18:30:16-06 [-] LockHandler on The ruined temple: access type 'control' changed from 'control:perm(Developer)' to 'control:id(1) or perm(Admin)' 
LockHandler on The ruined temple: access type 'delete' changed from 'delete:perm(Admin)' to ' delete:id(1) or perm(Admin)' 
LockHandler on The ruined temple: access type 'edit' changed from 'edit:perm(Admin)' to ' edit:id(1) or perm(Admin)'
18-11-10 18:30:16-06 [-] LockHandler on ruined temple: access type 'puppet' changed from 'puppet:pperm(Developer)' to 'puppet:false()' 
LockHandler on ruined temple: access type 'get' changed from 'get:all()' to 'get:false()'
18-11-10 18:30:16-06 [-] LockHandler on ruined temple: access type 'control' changed from 'control:perm(Developer)' to 'control:id(1) or perm(Admin)' 
LockHandler on ruined temple: access type 'delete' changed from 'delete:perm(Admin)' to ' delete:id(1) or perm(Admin)' 
LockHandler on ruined temple: access type 'edit' changed from 'edit:perm(Admin)' to ' edit:id(1) or perm(Admin)'
18-11-10 18:30:16-06 [-] LockHandler on overgrown courtyard: access type 'puppet' changed from 'puppet:pperm(Developer)' to 'puppet:false()' 
LockHandler on overgrown courtyard: access type 'get' changed from 'get:all()' to 'get:false()'
18-11-10 18:30:16-06 [-] LockHandler on overgrown courtyard: access type 'control' changed from 'control:perm(Developer)' to 'control:id(1) or perm(Admin)' 
LockHandler on overgrown courtyard: access type 'delete' changed from 'delete:perm(Admin)' to ' delete:id(1) or perm(Admin)' 
LockHandler on overgrown courtyard: access type 'edit' changed from 'edit:perm(Admin)' to ' edit:id(1) or perm(Admin)'
18-11-10 18:30:16-06 [-] LockHandler on Antechamber: access type 'get' changed from 'get:all()' to 'get:false()' 
LockHandler on Antechamber: access type 'puppet' changed from 'puppet:pperm(Developer)' to 'puppet:false()'
18-11-10 18:30:17-06 [-] LockHandler on Antechamber: access type 'control' changed from 'control:perm(Developer)' to 'control:id(1) or perm(Admin)' 
LockHandler on Antechamber: access type 'delete' changed from 'delete:perm(Admin)' to ' delete:id(1) or perm(Admin)' 
LockHandler on Antechamber: access type 'edit' changed from 'edit:perm(Admin)' to ' edit:id(1) or perm(Admin)'
18-11-10 18:30:17-06 [-] LockHandler on stairs down: access type 'puppet' changed from 'puppet:pperm(Developer)' to 'puppet:false()' 
LockHandler on stairs down: access type 'get' changed from 'get:all()' to 'get:false()'
18-11-10 18:30:17-06 [-] LockHandler on stairs down: access type 'control' changed from 'control:perm(Developer)' to 'control:id(1) or perm(Admin)' 
LockHandler on stairs down: access type 'delete' changed from 'delete:perm(Admin)' to ' delete:id(1) or perm(Admin)' 
LockHandler on stairs down: access type 'edit' changed from 'edit:perm(Admin)' to ' edit:id(1) or perm(Admin)'
18-11-10 18:30:17-06 [-] LockHandler on up the stairs to ruined temple: access type 'puppet' changed from 'puppet:pperm(Developer)' to 'puppet:false()' 
LockHandler on up the stairs to ruined temple: access type 'get' changed from 'get:all()' to 'get:false()'
18-11-10 18:30:17-06 [-] LockHandler on up the stairs to ruined temple: access type 'control' changed from 'control:perm(Developer)' to 'control:id(1) or perm(Admin)' 
LockHandler on up the stairs to ruined temple: access type 'delete' changed from 'delete:perm(Admin)' to ' delete:id(1) or perm(Admin)' 
LockHandler on up the stairs to ruined temple: access type 'edit' changed from 'edit:perm(Admin)' to ' edit:id(1) or perm(Admin)'
18-11-10 18:30:17-06 [-] LockHandler on stairs down: access type 'traverse' changed from 'traverse:all()' to 'traverse:has_account()'
18-11-10 18:30:18-06 [-] LockHandler on Blue bird tomb: access type 'get' changed from 'get:all()' to 'get:false()' 
LockHandler on Blue bird tomb: access type 'puppet' changed from 'puppet:pperm(Developer)' to 'puppet:false()'
18-11-10 18:30:18-06 [-] LockHandler on Blue bird tomb: access type 'control' changed from 'control:perm(Developer)' to 'control:id(1) or perm(Admin)' 
LockHandler on Blue bird tomb: access type 'delete' changed from 'delete:perm(Admin)' to ' delete:id(1) or perm(Admin)' 
LockHandler on Blue bird tomb: access type 'edit' changed from 'edit:perm(Admin)' to ' edit:id(1) or perm(Admin)'
18-11-10 18:30:18-06 [-] LockHandler on Blue bird tomb: access type 'puppet' changed from 'puppet:pperm(Developer)' to 'puppet:false()' 
LockHandler on Blue bird tomb: access type 'get' changed from 'get:all()' to 'get:false()'
18-11-10 18:30:18-06 [-] LockHandler on Blue bird tomb: access type 'control' changed from 'control:perm(Developer)' to 'control:id(1) or perm(Admin)' 
LockHandler on Blue bird tomb: access type 'delete' changed from 'delete:perm(Admin)' to ' delete:id(1) or perm(Admin)' 
LockHandler on Blue bird tomb: access type 'edit' changed from 'edit:perm(Admin)' to ' edit:id(1) or perm(Admin)'
18-11-10 18:30:19-06 [-] LockHandler on Tomb of woman on horse: access type 'get' changed from 'get:all()' to 'get:false()' 
LockHandler on Tomb of woman on horse: access type 'puppet' changed from 'puppet:pperm(Developer)' to 'puppet:false()'
18-11-10 18:30:19-06 [-] LockHandler on Tomb of woman on horse: access type 'control' changed from 'control:perm(Developer)' to 'control:id(1) or perm(Admin)' 
LockHandler on Tomb of woman on horse: access type 'delete' changed from 'delete:perm(Admin)' to ' delete:id(1) or perm(Admin)' 
LockHandler on Tomb of woman on horse: access type 'edit' changed from 'edit:perm(Admin)' to ' edit:id(1) or perm(Admin)'
18-11-10 18:30:19-06 [-] LockHandler on Tomb of woman on horse: access type 'puppet' changed from 'puppet:pperm(Developer)' to 'puppet:false()' 
LockHandler on Tomb of woman on horse: access type 'get' changed from 'get:all()' to 'get:false()'
18-11-10 18:30:19-06 [-] LockHandler on Tomb of woman on horse: access type 'control' changed from 'control:perm(Developer)' to 'control:id(1) or perm(Admin)' 
LockHandler on Tomb of woman on horse: access type 'delete' changed from 'delete:perm(Admin)' to ' delete:id(1) or perm(Admin)' 
LockHandler on Tomb of woman on horse: access type 'edit' changed from 'edit:perm(Admin)' to ' edit:id(1) or perm(Admin)'
18-11-10 18:30:19-06 [-] LockHandler on Tomb of the crowned queen: access type 'get' changed from 'get:all()' to 'get:false()' 
LockHandler on Tomb of the crowned queen: access type 'puppet' changed from 'puppet:pperm(Developer)' to 'puppet:false()'
18-11-10 18:30:20-06 [-] LockHandler on Tomb of the crowned queen: access type 'control' changed from 'control:perm(Developer)' to 'control:id(1) or perm(Admin)' 
LockHandler on Tomb of the crowned queen: access type 'delete' changed from 'delete:perm(Admin)' to ' delete:id(1) or perm(Admin)' 
LockHandler on Tomb of the crowned queen: access type 'edit' changed from 'edit:perm(Admin)' to ' edit:id(1) or perm(Admin)'
18-11-10 18:30:20-06 [-] LockHandler on Tomb of the crowned queen: access type 'puppet' changed from 'puppet:pperm(Developer)' to 'puppet:false()' 
LockHandler on Tomb of the crowned queen: access type 'get' changed from 'get:all()' to 'get:false()'
18-11-10 18:30:20-06 [-] LockHandler on Tomb of the crowned queen: access type 'control' changed from 'control:perm(Developer)' to 'control:id(1) or perm(Admin)' 
LockHandler on Tomb of the crowned queen: access type 'delete' changed from 'delete:perm(Admin)' to ' delete:id(1) or perm(Admin)' 
LockHandler on Tomb of the crowned queen: access type 'edit' changed from 'edit:perm(Admin)' to ' edit:id(1) or perm(Admin)'
18-11-10 18:30:20-06 [-] LockHandler on Tomb of the shield: access type 'get' changed from 'get:all()' to 'get:false()' 
LockHandler on Tomb of the shield: access type 'puppet' changed from 'puppet:pperm(Developer)' to 'puppet:false()'
18-11-10 18:30:21-06 [-] LockHandler on Tomb of the shield: access type 'control' changed from 'control:perm(Developer)' to 'control:id(1) or perm(Admin)' 
LockHandler on Tomb of the shield: access type 'delete' changed from 'delete:perm(Admin)' to ' delete:id(1) or perm(Admin)' 
LockHandler on Tomb of the shield: access type 'edit' changed from 'edit:perm(Admin)' to ' edit:id(1) or perm(Admin)'
18-11-10 18:30:21-06 [-] LockHandler on Tomb of the shield: access type 'puppet' changed from 'puppet:pperm(Developer)' to 'puppet:false()' 
LockHandler on Tomb of the shield: access type 'get' changed from 'get:all()' to 'get:false()'
18-11-10 18:30:21-06 [-] LockHandler on Tomb of the shield: access type 'control' changed from 'control:perm(Developer)' to 'control:id(1) or perm(Admin)' 
LockHandler on Tomb of the shield: access type 'delete' changed from 'delete:perm(Admin)' to ' delete:id(1) or perm(Admin)' 
LockHandler on Tomb of the shield: access type 'edit' changed from 'edit:perm(Admin)' to ' edit:id(1) or perm(Admin)'
18-11-10 18:30:21-06 [-] LockHandler on Tomb of the hero: access type 'get' changed from 'get:all()' to 'get:false()' 
LockHandler on Tomb of the hero: access type 'puppet' changed from 'puppet:pperm(Developer)' to 'puppet:false()'
18-11-10 18:30:21-06 [-] LockHandler on Tomb of the hero: access type 'control' changed from 'control:perm(Developer)' to 'control:id(1) or perm(Admin)' 
LockHandler on Tomb of the hero: access type 'delete' changed from 'delete:perm(Admin)' to ' delete:id(1) or perm(Admin)' 
LockHandler on Tomb of the hero: access type 'edit' changed from 'edit:perm(Admin)' to ' edit:id(1) or perm(Admin)'
18-11-10 18:30:21-06 [-] LockHandler on Tomb of the hero: access type 'puppet' changed from 'puppet:pperm(Developer)' to 'puppet:false()' 
LockHandler on Tomb of the hero: access type 'get' changed from 'get:all()' to 'get:false()'
18-11-10 18:30:21-06 [-] LockHandler on Tomb of the hero: access type 'control' changed from 'control:perm(Developer)' to 'control:id(1) or perm(Admin)' 
LockHandler on Tomb of the hero: access type 'delete' changed from 'delete:perm(Admin)' to ' delete:id(1) or perm(Admin)' 
LockHandler on Tomb of the hero: access type 'edit' changed from 'edit:perm(Admin)' to ' edit:id(1) or perm(Admin)'
18-11-10 18:30:22-06 [-] LockHandler on Ancient tomb: access type 'get' changed from 'get:all()' to 'get:false()' 
LockHandler on Ancient tomb: access type 'puppet' changed from 'puppet:pperm(Developer)' to 'puppet:false()'
18-11-10 18:30:22-06 [-] LockHandler on Ancient tomb: access type 'control' changed from 'control:perm(Developer)' to 'control:id(1) or perm(Admin)' 
LockHandler on Ancient tomb: access type 'delete' changed from 'delete:perm(Admin)' to ' delete:id(1) or perm(Admin)' 
LockHandler on Ancient tomb: access type 'edit' changed from 'edit:perm(Admin)' to ' edit:id(1) or perm(Admin)'
18-11-10 18:30:22-06 [-] LockHandler on back to antechamber: access type 'puppet' changed from 'puppet:pperm(Developer)' to 'puppet:false()' 
LockHandler on back to antechamber: access type 'get' changed from 'get:all()' to 'get:false()'
18-11-10 18:30:22-06 [-] LockHandler on back to antechamber: access type 'control' changed from 'control:perm(Developer)' to 'control:id(1) or perm(Admin)' 
LockHandler on back to antechamber: access type 'delete' changed from 'delete:perm(Admin)' to ' delete:id(1) or perm(Admin)' 
LockHandler on back to antechamber: access type 'edit' changed from 'edit:perm(Admin)' to ' edit:id(1) or perm(Admin)'
18-11-10 18:30:22-06 [-] LockHandler on Stone sarcophagus: access type 'control' changed from 'control:perm(Developer)' to 'control:id(1) or perm(Admin)' 
LockHandler on Stone sarcophagus: access type 'delete' changed from 'delete:perm(Admin)' to 'delete:id(1) or perm(Admin)'
18-11-10 18:30:23-06 [-] LockHandler on End of tutorial: access type 'get' changed from 'get:all()' to 'get:false()' 
LockHandler on End of tutorial: access type 'puppet' changed from 'puppet:pperm(Developer)' to 'puppet:false()'
18-11-10 18:30:23-06 [-] LockHandler on End of tutorial: access type 'control' changed from 'control:perm(Developer)' to 'control:id(1) or perm(Admin)' 
LockHandler on End of tutorial: access type 'delete' changed from 'delete:perm(Admin)' to ' delete:id(1) or perm(Admin)' 
LockHandler on End of tutorial: access type 'edit' changed from 'edit:perm(Admin)' to ' edit:id(1) or perm(Admin)'
18-11-10 18:30:23-06 [-] LockHandler on Exit tutorial: access type 'puppet' changed from 'puppet:pperm(Developer)' to 'puppet:false()' 
LockHandler on Exit tutorial: access type 'get' changed from 'get:all()' to 'get:false()'
18-11-10 18:30:23-06 [-] LockHandler on Exit tutorial: access type 'control' changed from 'control:perm(Developer)' to 'control:id(1) or perm(Admin)' 
LockHandler on Exit tutorial: access type 'delete' changed from 'delete:perm(Admin)' to ' delete:id(1) or perm(Admin)' 
LockHandler on Exit tutorial: access type 'edit' changed from 'edit:perm(Admin)' to ' edit:id(1) or perm(Admin)'
18-11-10 18:30:23-06 [-] LockHandler on Exit tutorial: access type 'view' changed from 'view:all()' to 'view:tag(rack_sarcophagus, tutorial_world) ' 
LockHandler on Exit tutorial: access type 'traverse' changed from 'traverse:all()' to ' traverse:tag(rack_sarcophagus, tutorial_world)'
18-11-10 18:30:23-06 [-] LockHandler on exit back to Limbo: access type 'puppet' changed from 'puppet:pperm(Developer)' to 'puppet:false()' 
LockHandler on exit back to Limbo: access type 'get' changed from 'get:all()' to 'get:false()'
18-11-10 18:33:00-06 [-] LockHandler on bo: access type 'get' changed from 'get:all()' to 'get:false()' 
LockHandler on bo: access type 'puppet' changed from 'puppet:pperm(Developer)' to 'puppet:false()'
18-11-10 18:33:00-06 [-] LockHandler on bo: access type 'control' changed from 'control:perm(Developer)' to 'control:id(1) or perm(Admin)' 
LockHandler on bo: access type 'delete' changed from 'delete:perm(Admin)' to ' delete:id(1) or perm(Admin)' 
LockHandler on bo: access type 'edit' changed from 'edit:perm(Admin)' to ' edit:id(1) or perm(Admin)'
18-11-10 18:39:30-06 [-] LockHandler on Dark cell: access type 'view' changed from 'view:false()' to 'view:false()'
18-11-10 18:39:41-06 [-] LockHandler on Dark cell: access type 'view' changed from 'view:false()' to 'view:all()'
18-11-10 18:40:01-06 [-] LockHandler on Dark cell: access type 'view' changed from 'view:all()' to 'view:all()'
18-11-10 18:42:41-06 [-] LockHandler on Dark cell: access type 'view' changed from 'view:all()' to 'view:false()'
18-11-10 18:44:27-06 [-] LockHandler on Dark cell: access type 'view' changed from 'view:false()' to 'view:all()'
18-11-10 18:45:24-06 [-] LockHandler on Dark cell: access type 'view' changed from 'view:all()' to 'view:false()'
18-11-10 18:46:41-06 [-] LockHandler on Dorm: access type 'get' changed from 'get:all()' to 'get:false()' 
LockHandler on Dorm: access type 'puppet' changed from 'puppet:pperm(Developer)' to 'puppet:false()'
18-11-10 18:46:41-06 [-] LockHandler on Dorm: access type 'control' changed from 'control:perm(Developer)' to 'control:id(1) or perm(Admin)' 
LockHandler on Dorm: access type 'delete' changed from 'delete:perm(Admin)' to ' delete:id(1) or perm(Admin)' 
LockHandler on Dorm: access type 'edit' changed from 'edit:perm(Admin)' to ' edit:id(1) or perm(Admin)'
18-11-10 18:46:41-06 [-] LockHandler on door to hallway: access type 'puppet' changed from 'puppet:pperm(Developer)' to 'puppet:false()' 
LockHandler on door to hallway: access type 'get' changed from 'get:all()' to 'get:false()'
18-11-10 18:46:42-06 [-] LockHandler on door to hallway: access type 'control' changed from 'control:perm(Developer)' to 'control:id(1) or perm(Admin)' 
LockHandler on door to hallway: access type 'delete' changed from 'delete:perm(Admin)' to ' delete:id(1) or perm(Admin)' 
LockHandler on door to hallway: access type 'edit' changed from 'edit:perm(Admin)' to ' edit:id(1) or perm(Admin)'
18-11-10 18:46:42-06 [-] LockHandler on door: access type 'puppet' changed from 'puppet:pperm(Developer)' to 'puppet:false()' 
LockHandler on door: access type 'get' changed from 'get:all()' to 'get:false()'
18-11-10 18:46:42-06 [-] LockHandler on door: access type 'control' changed from 'control:perm(Developer)' to 'control:id(1) or perm(Admin)' 
LockHandler on door: access type 'delete' changed from 'delete:perm(Admin)' to ' delete:id(1) or perm(Admin)' 
LockHandler on door: access type 'edit' changed from 'edit:perm(Admin)' to ' edit:id(1) or perm(Admin)'
18-11-10 18:47:14-06 [-] LockHandler on Dorm: access type 'get' changed from 'get:all()' to 'get:false()' 
LockHandler on Dorm: access type 'puppet' changed from 'puppet:pperm(Developer)' to 'puppet:false()'
18-11-10 18:47:14-06 [-] LockHandler on Dorm: access type 'control' changed from 'control:perm(Developer)' to 'control:id(1) or perm(Admin)' 
LockHandler on Dorm: access type 'delete' changed from 'delete:perm(Admin)' to ' delete:id(1) or perm(Admin)' 
LockHandler on Dorm: access type 'edit' changed from 'edit:perm(Admin)' to ' edit:id(1) or perm(Admin)'
18-11-10 18:47:15-06 [-] LockHandler on Light at the end of a tunnel: access type 'puppet' changed from 'puppet:pperm(Developer)' to 'puppet:false()' 
LockHandler on Light at the end of a tunnel: access type 'get' changed from 'get:all()' to 'get:false()'
18-11-10 18:47:15-06 [-] LockHandler on Light at the end of a tunnel: access type 'control' changed from 'control:perm(Developer)' to 'control:id(1) or perm(Admin)' 
LockHandler on Light at the end of a tunnel: access type 'delete' changed from 'delete:perm(Admin)' to ' delete:id(1) or perm(Admin)' 
LockHandler on Light at the end of a tunnel: access type 'edit' changed from 'edit:perm(Admin)' to ' edit:id(1) or perm(Admin)'
18-11-10 18:47:15-06 [-] LockHandler on light: access type 'puppet' changed from 'puppet:pperm(Developer)' to 'puppet:false()' 
LockHandler on light: access type 'get' changed from 'get:all()' to 'get:false()'
18-11-10 18:47:15-06 [-] LockHandler on light: access type 'control' changed from 'control:perm(Developer)' to 'control:id(1) or perm(Admin)' 
LockHandler on light: access type 'delete' changed from 'delete:perm(Admin)' to ' delete:id(1) or perm(Admin)' 
LockHandler on light: access type 'edit' changed from 'edit:perm(Admin)' to ' edit:id(1) or perm(Admin)'
18-11-10 18:49:29-06 [-] LockHandler on Dorm: access type 'get' changed from 'get:all()' to 'get:false()' 
LockHandler on Dorm: access type 'puppet' changed from 'puppet:pperm(Developer)' to 'puppet:false()'
18-11-10 18:49:29-06 [-] LockHandler on Dorm: access type 'control' changed from 'control:perm(Developer)' to 'control:id(1) or perm(Admin)' 
LockHandler on Dorm: access type 'delete' changed from 'delete:perm(Admin)' to ' delete:id(1) or perm(Admin)' 
LockHandler on Dorm: access type 'edit' changed from 'edit:perm(Admin)' to ' edit:id(1) or perm(Admin)'
18-11-10 18:49:29-06 [-] LockHandler on wake up: access type 'puppet' changed from 'puppet:pperm(Developer)' to 'puppet:false()' 
LockHandler on wake up: access type 'get' changed from 'get:all()' to 'get:false()'
18-11-10 18:49:29-06 [-] LockHandler on wake up: access type 'control' changed from 'control:perm(Developer)' to 'control:id(1) or perm(Admin)' 
LockHandler on wake up: access type 'delete' changed from 'delete:perm(Admin)' to ' delete:id(1) or perm(Admin)' 
LockHandler on wake up: access type 'edit' changed from 'edit:perm(Admin)' to ' edit:id(1) or perm(Admin)'
18-11-10 18:50:46-06 [-] LockHandler on TOWN: access type 'send' changed from 'send:all()' to 'send:all()' 
LockHandler on TOWN: access type 'listen' changed from 'listen:all()' to 'listen:all()' 
LockHandler on TOWN: access type 'control' changed from 'control:perm(Admin)' to 'control:id(1)'
18-11-10 18:51:44-06 [-] LockHandler on <TOWN>: access type 'send' changed from 'send:all()' to 'send:all()' 
LockHandler on <TOWN>: access type 'listen' changed from 'listen:all()' to 'listen:all()' 
LockHandler on <TOWN>: access type 'control' changed from 'control:perm(Admin)' to 'control:id(1)'
18-11-10 18:56:12-06 [-] LockHandler on hallway: access type 'get' changed from 'get:all()' to 'get:false()' 
LockHandler on hallway: access type 'puppet' changed from 'puppet:pperm(Developer)' to 'puppet:false()'
18-11-10 18:56:12-06 [-] LockHandler on hallway: access type 'control' changed from 'control:perm(Developer)' to 'control:id(1) or perm(Admin)' 
LockHandler on hallway: access type 'delete' changed from 'delete:perm(Admin)' to ' delete:id(1) or perm(Admin)' 
LockHandler on hallway: access type 'edit' changed from 'edit:perm(Admin)' to ' edit:id(1) or perm(Admin)'
18-11-10 18:56:13-06 [-] LockHandler on door: access type 'puppet' changed from 'puppet:pperm(Developer)' to 'puppet:false()' 
LockHandler on door: access type 'get' changed from 'get:all()' to 'get:false()'
18-11-10 18:56:13-06 [-] LockHandler on door: access type 'control' changed from 'control:perm(Developer)' to 'control:id(1) or perm(Admin)' 
LockHandler on door: access type 'delete' changed from 'delete:perm(Admin)' to ' delete:id(1) or perm(Admin)' 
LockHandler on door: access type 'edit' changed from 'edit:perm(Admin)' to ' edit:id(1) or perm(Admin)'
18-11-10 18:56:13-06 [-] LockHandler on door: access type 'puppet' changed from 'puppet:pperm(Developer)' to 'puppet:false()' 
LockHandler on door: access type 'get' changed from 'get:all()' to 'get:false()'
18-11-10 18:56:13-06 [-] LockHandler on door: access type 'control' changed from 'control:perm(Developer)' to 'control:id(1) or perm(Admin)' 
LockHandler on door: access type 'delete' changed from 'delete:perm(Admin)' to ' delete:id(1) or perm(Admin)' 
LockHandler on door: access type 'edit' changed from 'edit:perm(Admin)' to ' edit:id(1) or perm(Admin)'
18-11-10 18:57:33-06 [-] LockHandler on Hallway: access type 'get' changed from 'get:all()' to 'get:false()' 
LockHandler on Hallway: access type 'puppet' changed from 'puppet:pperm(Developer)' to 'puppet:false()'
18-11-10 18:57:33-06 [-] LockHandler on Hallway: access type 'control' changed from 'control:perm(Developer)' to 'control:id(1) or perm(Admin)' 
LockHandler on Hallway: access type 'delete' changed from 'delete:perm(Admin)' to ' delete:id(1) or perm(Admin)' 
LockHandler on Hallway: access type 'edit' changed from 'edit:perm(Admin)' to ' edit:id(1) or perm(Admin)'
18-11-10 18:57:33-06 [-] LockHandler on door to hallway: access type 'puppet' changed from 'puppet:pperm(Developer)' to 'puppet:false()' 
LockHandler on door to hallway: access type 'get' changed from 'get:all()' to 'get:false()'
18-11-10 18:57:33-06 [-] LockHandler on door to hallway: access type 'control' changed from 'control:perm(Developer)' to 'control:id(1) or perm(Admin)' 
LockHandler on door to hallway: access type 'delete' changed from 'delete:perm(Admin)' to ' delete:id(1) or perm(Admin)' 
LockHandler on door to hallway: access type 'edit' changed from 'edit:perm(Admin)' to ' edit:id(1) or perm(Admin)'
18-11-10 18:57:33-06 [-] LockHandler on door to dorm: access type 'puppet' changed from 'puppet:pperm(Developer)' to 'puppet:false()' 
LockHandler on door to dorm: access type 'get' changed from 'get:all()' to 'get:false()'
18-11-10 18:57:33-06 [-] LockHandler on door to dorm: access type 'control' changed from 'control:perm(Developer)' to 'control:id(1) or perm(Admin)' 
LockHandler on door to dorm: access type 'delete' changed from 'delete:perm(Admin)' to ' delete:id(1) or perm(Admin)' 
LockHandler on door to dorm: access type 'edit' changed from 'edit:perm(Admin)' to ' edit:id(1) or perm(Admin)'
>>>>>>> 0ff27a06e07ef06aa98b2e4c91b5fb2ffa9848ce
