
18-11-10 15:47:46-06 [-] LockHandler on admin(account 1): access type 'examine' changed from 'examine:perm(Admin)' to 'examine:perm(Admin)' 
LockHandler on admin(account 1): access type 'edit' changed from 'edit:perm(Admin)' to 'edit:perm(Admin)' 
LockHandler on admin(account 1): access type 'delete' changed from 'delete:perm(Admin)' to 'delete:perm(Admin)' 
LockHandler on admin(account 1): access type 'boot' changed from 'boot:perm(Admin)' to 'boot:perm(Admin)' 
LockHandler on admin(account 1): access type 'msg' changed from 'msg:all()' to 'msg:all()' 
LockHandler on admin(account 1): access type 'noidletimeout' changed from 'noidletimeout:perm(Builder) or perm(noidletimeout)' to 'noidletimeout:perm(Builder) or perm(noidletimeout)'
18-11-10 15:47:46-06 [-] LockHandler on admin(account 1): access type 'examine' changed from 'examine:perm(Admin)' to 'examine:perm(Developer)' 
LockHandler on admin(account 1): access type 'edit' changed from 'edit:perm(Admin)' to 'edit:false()' 
LockHandler on admin(account 1): access type 'delete' changed from 'delete:perm(Admin)' to 'delete:false()' 
LockHandler on admin(account 1): access type 'boot' changed from 'boot:perm(Admin)' to 'boot:false()' 
LockHandler on admin(account 1): access type 'msg' changed from 'msg:all()' to 'msg:all()'
18-11-10 15:47:46-06 [-] LockHandler on admin: access type 'get' changed from 'get:all()' to 'get:false()' 
LockHandler on admin: access type 'call' changed from 'call:true()' to 'call:false()'
18-11-10 15:47:46-06 [-] LockHandler on admin: access type 'examine' changed from 'examine:perm(Builder)' to 'examine:perm(Developer)' 
LockHandler on admin: access type 'edit' changed from 'edit:perm(Admin)' to 'edit:false()' 
LockHandler on admin: access type 'delete' changed from 'delete:perm(Admin)' to 'delete:false()' 
LockHandler on admin: access type 'puppet' changed from 'puppet:pperm(Developer)' to 'puppet:false()'
18-11-10 15:47:46-06 [-] LockHandler on Limbo: access type 'get' changed from 'get:all()' to 'get:false()' 
LockHandler on Limbo: access type 'puppet' changed from 'puppet:pperm(Developer)' to 'puppet:false()'
18-11-10 15:47:47-06 [-] LockHandler on Channel 'Public' (None): access type 'control' changed from 'control:perm(Admin)' to 'control:perm(Admin)' 
LockHandler on Channel 'Public' (None): access type 'listen' changed from 'listen:all()' to 'listen:all()' 
LockHandler on Channel 'Public' (None): access type 'send' changed from 'send:all()' to 'send:all()'
18-11-10 15:47:47-06 [-] LockHandler on Channel 'MudInfo' (None): access type 'control' changed from 'control:perm(Admin)' to 'control:perm(Developer)' 
LockHandler on Channel 'MudInfo' (None): access type 'listen' changed from 'listen:all()' to 'listen:perm(Admin)' 
LockHandler on Channel 'MudInfo' (None): access type 'send' changed from 'send:all()' to 'send:false()'
18-11-10 16:18:01-06 [-] LockHandler on jack: access type 'get' changed from 'get:all()' to 'get:false()' 
LockHandler on jack: access type 'call' changed from 'call:true()' to 'call:false()'
18-11-10 16:18:01-06 [-] LockHandler on jack: access type 'puppet' changed from 'puppet:pperm(Developer)' to 'puppet:id(3) or pid(2) or perm(Developer) or pperm(Developer)'
18-11-10 16:19:08-06 [-] LockHandler on dorm: access type 'get' changed from 'get:all()' to 'get:false()' 
LockHandler on dorm: access type 'puppet' changed from 'puppet:pperm(Developer)' to 'puppet:false()'
18-11-10 16:19:08-06 [-] LockHandler on dorm: access type 'control' changed from 'control:perm(Developer)' to 'control:id(1) or perm(Admin)' 
LockHandler on dorm: access type 'delete' changed from 'delete:perm(Admin)' to ' delete:id(1) or perm(Admin)' 
LockHandler on dorm: access type 'edit' changed from 'edit:perm(Admin)' to ' edit:id(1) or perm(Admin)'
18-11-10 16:19:08-06 [-] LockHandler on door: access type 'puppet' changed from 'puppet:pperm(Developer)' to 'puppet:false()' 
LockHandler on door: access type 'get' changed from 'get:all()' to 'get:false()'
18-11-10 16:19:08-06 [-] LockHandler on door: access type 'control' changed from 'control:perm(Developer)' to 'control:id(1) or perm(Admin)' 
LockHandler on door: access type 'delete' changed from 'delete:perm(Admin)' to ' delete:id(1) or perm(Admin)' 
LockHandler on door: access type 'edit' changed from 'edit:perm(Admin)' to ' edit:id(1) or perm(Admin)'